2024-12-08 14:33:16,866 - INFO - ЦєЖЏЭјТчасЬНЦї...
2024-12-08 14:38:45,775 - INFO - ЦєЖЏЭјТчасЬНЦї...
2024-12-08 14:40:49,810 - INFO - ЦєЖЏЭјТчасЬНЦї...
2024-12-08 14:41:17,926 - INFO - ЦєЖЏЭјТчасЬНЦї...
2024-12-08 14:42:08,174 - INFO - ЦєЖЏЭјТчасЬНЦї...
2024-12-08 14:44:03,953 - INFO - ЦєЖЏЭјТчасЬНЦї...
2024-12-08 14:48:46,688 - INFO - ЦєЖЏЭјТчасЬНЦї...
2024-12-08 14:49:56,395 - INFO - ЦєЖЏЭјТчасЬНЦї...
2024-12-08 14:51:47,704 - INFO - ЦєЖЏЭјТчасЬНЦї...
2024-12-08 14:53:58,405 - INFO - ЦєЖЏЭјТчасЬНЦї...
2024-12-08 15:02:05,467 - INFO - ЦєЖЏЭјТчасЬНЦї...
2024-12-08 15:03:00,902 - INFO - ЦєЖЏЭјТчасЬНЦї...
2024-12-08 15:06:05,721 - INFO - ЦєЖЏЭјТчасЬНЦї...
2024-12-08 15:09:52,052 - INFO - ЦєЖЏЭјТчасЬНЦї...
2024-12-08 15:12:29,145 - INFO - ЦєЖЏЭјТчасЬНЦї...
2024-12-08 15:16:11,186 - INFO - ЦєЖЏЭјТчасЬНЦї...
2024-12-08 15:18:41,804 - INFO - ЦєЖЏЭјТчасЬНЦї...
2024-12-08 15:19:54,685 - INFO - ЦєЖЏЭјТчасЬНЦї...
2024-12-08 15:21:48,611 - INFO - ЦєЖЏЭјТчасЬНЦї...
2024-12-08 15:25:00,953 - INFO - ЦєЖЏЭјТчасЬНЦї...
2024-12-08 15:25:33,988 - INFO - ЦєЖЏЭјТчасЬНЦї...
2024-12-08 15:27:04,957 - INFO - ЦєЖЏЭјТчасЬНЦї...
2024-12-08 15:29:30,517 - INFO - ЦєЖЏЭјТчасЬНЦї...
2024-12-08 15:34:13,709 - INFO - ЦєЖЏЭјТчасЬНЦї...
2024-12-08 15:39:03,862 - INFO - ЦєЖЏЭјТчасЬНЦї...
2024-12-08 15:41:30,967 - INFO - ЦєЖЏЭјТчасЬНЦї...
2024-12-08 15:44:14,438 - INFO - ЦєЖЏЭјТчасЬНЦї...
2024-12-08 15:45:23,818 - INFO - ЦєЖЏЭјТчасЬНЦї...
2024-12-08 15:46:47,954 - INFO - ЦєЖЏЭјТчасЬНЦї...
2024-12-08 15:49:32,016 - INFO - ЦєЖЏЭјТчасЬНЦї...
2024-12-08 15:50:35,341 - INFO - ЦєЖЏЭјТчасЬНЦї...
2024-12-08 15:52:28,844 - INFO - ЦєЖЏЭјТчасЬНЦї...
2024-12-08 15:52:28,955 - ERROR - ГЬађдЫаавьГЃ: cannot use geometry manager grid inside . which already has slaves managed by pack
2024-12-08 15:53:35,506 - INFO - ЦєЖЏЭјТчасЬНЦї...
2024-12-08 15:55:17,211 - INFO - ЦєЖЏЭјТчасЬНЦї...
2024-12-08 15:55:17,308 - ERROR - ГЬађдЫаавьГЃ: 'PacketDisplay' object has no attribute 'grid'
2024-12-08 15:56:06,146 - INFO - ЦєЖЏЭјТчасЬНЦї...
2024-12-08 15:56:06,240 - ERROR - ГЬађдЫаавьГЃ: 'PacketDisplay' object has no attribute 'pack'
2024-12-08 15:57:52,710 - INFO - ЦєЖЏЭјТчасЬНЦї...
2024-12-08 16:00:07,380 - INFO - ЦєЖЏЭјТчасЬНЦї...
2024-12-08 16:05:01,945 - INFO - ЦєЖЏЭјТчасЬНЦї...
2024-12-08 16:07:46,692 - INFO - ЦєЖЏЭјТчасЬНЦї...
2024-12-08 16:11:49,473 - INFO - ЦєЖЏЭјТчасЬНЦї...
2024-12-08 16:13:07,165 - INFO - ЦєЖЏЭјТчасЬНЦї...
2024-12-08 16:15:28,809 - INFO - ЦєЖЏЭјТчасЬНЦї...
2024-12-08 16:17:02,025 - INFO - ЦєЖЏЭјТчасЬНЦї...
2024-12-08 16:26:21,822 - INFO - ЦєЖЏЭјТчасЬНЦї...
2024-12-08 16:27:58,213 - INFO - ЦєЖЏЭјТчасЬНЦї...
2024-12-08 16:30:02,790 - INFO - ЦєЖЏЭјТчасЬНЦї...
2024-12-08 16:31:06,398 - INFO - ЦєЖЏЭјТчасЬНЦї...
2024-12-08 16:34:42,240 - INFO - ЦєЖЏЭјТчасЬНЦї...
2024-12-08 16:58:38,364 - INFO - ЦєЖЏЭјТчасЬНЦї...
2024-12-08 17:14:16,267 - INFO - ЦєЖЏЭјТчасЬНЦї...
2024-12-08 17:18:27,435 - INFO - ЦєЖЏЭјТчасЬНЦї...
2024-12-08 17:37:30,614 - INFO - ЦєЖЏЭјТчасЬНЦї...
2024-12-08 17:38:06,775 - INFO - ЦєЖЏЭјТчасЬНЦї...
2024-12-08 17:39:09,238 - INFO - ЦєЖЏЭјТчасЬНЦї...
2024-12-08 17:39:56,910 - INFO - ЦєЖЏЭјТчасЬНЦї...
2024-12-08 17:50:48,204 - INFO - ЦєЖЏЭјТчасЬНЦї...
2024-12-08 17:50:48,344 - ERROR - ГЬађдЫаавьГЃ: 'MainInterface' object has no attribute 'run'
2024-12-08 17:51:33,120 - INFO - ЦєЖЏЭјТчасЬНЦї...
2024-12-08 17:52:48,032 - INFO - ЦєЖЏЭјТчасЬНЦї...
2024-12-08 17:53:19,536 - INFO - ЦєЖЏЭјТчасЬНЦї...
2024-12-08 17:58:42,293 - INFO - ЦєЖЏЭјТчасЬНЦї...
2024-12-08 18:06:25,002 - INFO - ЦєЖЏЭјТчасЬНЦї...
2024-12-09 09:55:57,354 - INFO - ЦєЖЏЭјТчасЬНЦї...
2024-12-09 10:07:48,129 - INFO - ЦєЖЏЭјТчасЬНЦї...
2024-12-09 10:10:33,534 - INFO - ЦєЖЏЭјТчасЬНЦї...
2024-12-09 10:11:06,513 - INFO - ЦєЖЏЭјТчасЬНЦї...
2024-12-09 10:21:48,216 - INFO - ЦєЖЏЭјТчасЬНЦї...
2024-12-09 10:23:20,060 - INFO - ЦєЖЏЭјТчасЬНЦї...
2024-12-09 10:29:00,595 - INFO - ЦєЖЏЭјТчасЬНЦї...
2024-12-09 10:32:41,711 - INFO - ЦєЖЏЭјТчасЬНЦї...
2024-12-09 10:36:12,893 - INFO - ЦєЖЏЭјТчасЬНЦї...
2024-12-09 10:39:54,345 - INFO - ЦєЖЏЭјТчасЬНЦї...
2024-12-09 10:47:27,513 - INFO - ЦєЖЏЭјТчасЬНЦї...
2024-12-09 10:53:14,017 - INFO - ЦєЖЏЭјТчасЬНЦї...
2024-12-09 11:06:12,854 - INFO - ЦєЖЏЭјТчасЬНЦї...
2024-12-09 11:06:33,221 - INFO - ЦєЖЏЭјТчасЬНЦї...
2024-12-09 11:07:30,727 - INFO - ЦєЖЏЭјТчасЬНЦї...
2024-12-09 11:11:47,916 - INFO - ЦєЖЏЭјТчасЬНЦї...
2024-12-09 11:14:56,450 - INFO - ЦєЖЏЭјТчасЬНЦї...
2024-12-09 11:19:35,033 - INFO - ЦєЖЏЭјТчасЬНЦї...
2024-12-09 11:23:41,557 - INFO - ЦєЖЏЭјТчасЬНЦї...
2024-12-09 11:25:12,214 - INFO - ЦєЖЏЭјТчасЬНЦї...
2024-12-09 11:27:26,690 - INFO - ЦєЖЏЭјТчасЬНЦї...
2024-12-09 11:29:07,771 - INFO - ЦєЖЏЭјТчасЬНЦї...
2024-12-09 11:31:32,033 - INFO - ЦєЖЏЭјТчасЬНЦї...
2024-12-09 13:55:04,703 - INFO - ЦєЖЏЭјТчасЬНЦї...
2024-12-09 14:28:27,678 - INFO - ЦєЖЏЭјТчасЬНЦї...
2024-12-09 14:30:54,350 - INFO - ЦєЖЏЭјТчасЬНЦї...
2024-12-09 14:32:08,380 - INFO - ЦєЖЏЭјТчасЬНЦї...
2024-12-09 14:34:26,137 - INFO - ЦєЖЏЭјТчасЬНЦї...
2024-12-09 14:38:00,853 - INFO - ЦєЖЏЭјТчасЬНЦї...
2024-12-09 14:38:44,417 - INFO - ЦєЖЏЭјТчасЬНЦї...
2024-12-09 14:40:34,956 - INFO - ЦєЖЏЭјТчасЬНЦї...
2024-12-09 14:55:52,683 - INFO - ЦєЖЏЭјТчасЬНЦї...
2024-12-09 15:00:10,466 - INFO - ЦєЖЏЭјТчасЬНЦї...
2024-12-09 15:07:36,808 - INFO - ЦєЖЏЭјТчасЬНЦї...
2024-12-09 15:12:21,167 - INFO - ЦєЖЏЭјТчасЬНЦї...
2024-12-09 15:14:36,848 - INFO - ЦєЖЏЭјТчасЬНЦї...
2024-12-09 15:32:43,112 - INFO - ЦєЖЏЭјТчасЬНЦї...
2024-12-09 15:33:36,561 - INFO - ЦєЖЏЭјТчасЬНЦї...
2024-12-09 15:34:08,991 - INFO - ЦєЖЏЭјТчасЬНЦї...
2024-12-09 15:35:38,055 - INFO - ЦєЖЏЭјТчасЬНЦї...
2024-12-09 15:36:03,653 - INFO - ЦєЖЏЭјТчасЬНЦї...
2024-12-09 15:36:05,490 - INFO - ЦєЖЏЭјТчасЬНЦї...
2024-12-09 15:37:46,344 - INFO - ЦєЖЏЭјТчасЬНЦї...
2024-12-09 15:38:53,570 - INFO - ЦєЖЏЭјТчасЬНЦї...
2024-12-09 15:39:58,108 - INFO - ЦєЖЏЭјТчасЬНЦї...
2024-12-09 15:41:50,261 - INFO - ЦєЖЏЭјТчасЬНЦї...
2024-12-09 15:43:55,022 - INFO - ЦєЖЏЭјТчасЬНЦї...
2024-12-09 16:02:54,307 - INFO - ЦєЖЏЭјТчасЬНЦї...
2024-12-09 16:09:26,193 - INFO - ЦєЖЏЭјТчасЬНЦї...
2024-12-09 17:00:26,564 - INFO - ЦєЖЏЭјТчасЬНЦї...
2024-12-09 17:01:38,868 - INFO - ЦєЖЏЭјТчасЬНЦї...
2024-12-09 17:03:29,537 - INFO - ЦєЖЏЭјТчасЬНЦї...
2024-12-09 17:05:49,763 - INFO - ЦєЖЏЭјТчасЬНЦї...
2024-12-09 17:05:49,763 - ERROR - ГЬађдЫаавьГЃ: name 'tk' is not defined
2024-12-09 17:05:53,441 - INFO - ЦєЖЏЭјТчасЬНЦї...
2024-12-09 17:05:53,441 - ERROR - ГЬађдЫаавьГЃ: name 'tk' is not defined
2024-12-09 17:09:10,156 - INFO - ЦєЖЏЭјТчасЬНЦї...
2024-12-09 17:21:43,407 - INFO - ЦєЖЏЭјТчасЬНЦї...
2024-12-09 17:22:16,497 - INFO - ЦєЖЏЭјТчасЬНЦї...
2024-12-09 17:28:06,057 - INFO - ЦєЖЏЭјТчасЬНЦї...
2024-12-09 17:28:51,951 - INFO - ЦєЖЏЭјТчасЬНЦї...
2024-12-10 14:34:25,194 - INFO - ЦєЖЏЭјТчасЬНЦї...
2024-12-10 14:48:54,181 - INFO - ЦєЖЏЭјТчасЬНЦї...
2024-12-10 14:53:27,848 - INFO - ЦєЖЏЭјТчасЬНЦї...
2024-12-10 14:58:23,759 - INFO - ЦєЖЏЭјТчасЬНЦї...
2024-12-10 15:02:53,626 - INFO - ЦєЖЏЭјТчасЬНЦї...
2024-12-10 15:04:36,743 - INFO - ЦєЖЏЭјТчасЬНЦї...
2024-12-10 15:10:24,622 - INFO - ЦєЖЏЭјТчасЬНЦї...
2024-12-10 15:14:08,450 - INFO - ЦєЖЏЭјТчасЬНЦї...
2024-12-10 15:17:10,730 - INFO - ЦєЖЏЭјТчасЬНЦї...
2024-12-10 15:18:27,431 - INFO - ЦєЖЏЭјТчасЬНЦї...
2024-12-10 15:23:52,345 - INFO - ЦєЖЏЭјТчасЬНЦї...
2024-12-10 15:28:35,517 - INFO - ЦєЖЏЭјТчасЬНЦї...
2024-12-10 15:32:29,863 - INFO - ЦєЖЏЭјТчасЬНЦї...
2024-12-10 15:40:55,662 - INFO - ЦєЖЏЭјТчасЬНЦї...
2024-12-10 16:36:27,919 - INFO - ЦєЖЏЭјТчасЬНЦї...
2024-12-10 16:37:42,300 - INFO - ЦєЖЏЭјТчасЬНЦї...
2024-12-10 16:41:26,992 - INFO - ЦєЖЏЭјТчасЬНЦї...
2024-12-10 17:03:34,573 - INFO - ЦєЖЏЭјТчасЬНЦї...
2024-12-10 17:07:42,570 - INFO - ЦєЖЏЭјТчасЬНЦї...
2024-12-10 17:09:27,854 - INFO - ЦєЖЏЭјТчасЬНЦї...
2024-12-10 17:24:20,487 - INFO - ЦєЖЏЭјТчасЬНЦї...
2024-12-10 17:38:34,082 - INFO - ЦєЖЏЭјТчасЬНЦї...
2024-12-10 17:39:20,631 - INFO - ЦєЖЏЭјТчасЬНЦї...
2024-12-10 18:35:11,496 - INFO - ЦєЖЏЭјТчасЬНЦї...
2024-12-10 18:39:00,669 - INFO - ЦєЖЏЭјТчасЬНЦї...
2024-12-10 18:44:47,287 - INFO - ЦєЖЏЭјТчасЬНЦї...
2024-12-10 19:52:05,704 - INFO - ЦєЖЏЭјТчасЬНЦї...
2024-12-10 19:54:57,427 - INFO - ЦєЖЏЭјТчасЬНЦї...
2024-12-10 19:57:10,299 - INFO - ЦєЖЏЭјТчасЬНЦї...
2024-12-10 19:58:40,208 - INFO - ЦєЖЏЭјТчасЬНЦї...
2024-12-10 20:01:15,033 - INFO - ЦєЖЏЭјТчасЬНЦї...
2024-12-10 20:26:24,567 - INFO - ЦєЖЏЭјТчасЬНЦї...
2024-12-10 20:35:23,670 - INFO - ЦєЖЏЭјТчасЬНЦї...
2024-12-10 20:36:48,300 - INFO - ЦєЖЏЭјТчасЬНЦї...
2024-12-10 20:48:55,925 - INFO - ЦєЖЏЭјТчасЬНЦї...
2024-12-10 20:52:38,929 - INFO - ЦєЖЏЭјТчасЬНЦї...
2024-12-10 20:59:13,090 - INFO - ЦєЖЏЭјТчасЬНЦї...
2024-12-10 21:00:19,950 - INFO - ЦєЖЏЭјТчасЬНЦї...
2024-12-10 21:05:36,093 - INFO - ЦєЖЏЭјТчасЬНЦї...
2024-12-10 21:08:03,306 - INFO - ЦєЖЏЭјТчасЬНЦї...
2024-12-10 21:22:27,900 - INFO - ЦєЖЏЭјТчасЬНЦї...
2024-12-10 21:27:23,128 - INFO - ЦєЖЏЭјТчасЬНЦї...
2024-12-10 21:35:01,959 - INFO - ЦєЖЏЭјТчасЬНЦї...
2024-12-10 21:40:15,042 - INFO - ЦєЖЏЭјТчасЬНЦї...
2024-12-10 21:40:15,134 - ERROR - ГЬађдЫаавьГЃ: can only concatenate str (not "datetime.datetime") to str
2024-12-10 21:40:19,771 - INFO - ЦєЖЏЭјТчасЬНЦї...
2024-12-10 21:40:19,863 - ERROR - ГЬађдЫаавьГЃ: can only concatenate str (not "datetime.datetime") to str
2024-12-10 21:41:09,903 - INFO - ЦєЖЏЭјТчасЬНЦї...
2024-12-10 21:43:49,924 - INFO - ЦєЖЏЭјТчасЬНЦї...
2024-12-10 21:45:54,833 - INFO - ЦєЖЏЭјТчасЬНЦї...
2024-12-10 22:11:07,089 - INFO - ЦєЖЏЭјТчасЬНЦї...
2024-12-10 22:27:05,389 - INFO - ЦєЖЏЭјТчасЬНЦї...
2024-12-10 22:28:57,624 - INFO - ЦєЖЏЭјТчасЬНЦї...
2024-12-10 22:31:27,713 - INFO - ЦєЖЏЭјТчасЬНЦї...
2024-12-10 22:43:43,781 - INFO - ЦєЖЏЭјТчасЬНЦї...
2024-12-10 22:57:04,774 - INFO - ЦєЖЏЭјТчасЬНЦї...
2024-12-10 22:57:44,495 - INFO - ЦєЖЏЭјТчасЬНЦї...
2024-12-10 23:00:20,172 - INFO - ЦєЖЏЭјТчасЬНЦї...
2024-12-10 23:00:51,426 - INFO - ЦєЖЏЭјТчасЬНЦї...
2024-12-10 23:02:16,883 - INFO - ЦєЖЏЭјТчасЬНЦї...
